Added Component: Designator=C1(CAPC0805(2012)100_L)
Added Component: Designator=C2(CAPC0805(2012)100_L)
Added Component: Designator=C3(CAPC0805(2012)100_L)
Added Component: Designator=C4(CAPC0805(2012)100_L)
Added Component: Designator=P2(HDR1X3)
Added Component: Designator=R1(RESC0805(2012)_L)
Added Component: Designator=R4(RESC0805(2012)_L)
Added Component: Designator=R5(RESC0805(2012)_L)
Added Pin To Net: NetName=3.3V Pin=C2-2
Added Pin To Net: NetName=3.3V Pin=C3-2
Added Pin To Net: NetName=3.3V Pin=C4-2
Added Pin To Net: NetName=3.3V Pin=U1-8
Added Pin To Net: NetName=3.3V Pin=U2-9
Added Pin To Net: NetName=3.3V Pin=U2-19
Added Pin To Net: NetName=3.3V Pin=U2-31
Added Pin To Net: NetName=3.3V Pin=U2-39
Added Pin To Net: NetName=3.3V Pin=U3-4
Added Net: Name=3.3V
Added Pin To Net: NetName=5V Pin=C1-2
Added Pin To Net: NetName=5V Pin=U3-3
Added Net: Name=5V
Added Pin To Net: NetName=D+ Pin=U2-27
Added Net: Name=D+
Added Pin To Net: NetName=D- Pin=U2-26
Added Net: Name=D-
Added Pin To Net: NetName=DE Pin=U1-2
Added Pin To Net: NetName=DE Pin=U1-3
Added Pin To Net: NetName=DE Pin=U2-15
Added Net: Name=DE
Added Pin To Net: NetName=DMX_RX Pin=U1-1
Added Pin To Net: NetName=DMX_RX Pin=U2-16
Added Net: Name=DMX_RX
Added Pin To Net: NetName=DMX_TX Pin=U1-4
Added Pin To Net: NetName=DMX_TX Pin=U2-17
Added Net: Name=DMX_TX
Added Pin To Net: NetName=GND Pin=C1-1
Added Pin To Net: NetName=GND Pin=C2-1
Added Pin To Net: NetName=GND Pin=C3-1
Added Pin To Net: NetName=GND Pin=C4-1
Added Pin To Net: NetName=GND Pin=P2-3
Added Pin To Net: NetName=GND Pin=U1-5
Added Pin To Net: NetName=GND Pin=U2-8
Added Pin To Net: NetName=GND Pin=U2-18
Added Pin To Net: NetName=GND Pin=U2-30
Added Pin To Net: NetName=GND Pin=U2-38
Added Pin To Net: NetName=GND Pin=U3-1
Added Net: Name=GND
Added Pin To Net: NetName=NetP2_1 Pin=P2-1
Added Pin To Net: NetName=NetP2_1 Pin=R1-2
Added Pin To Net: NetName=NetP2_1 Pin=U1-7
Added Net: Name=NetP2_1
Added Pin To Net: NetName=NetP2_2 Pin=P2-2
Added Pin To Net: NetName=NetP2_2 Pin=R1-1
Added Pin To Net: NetName=NetP2_2 Pin=U1-6
Added Net: Name=NetP2_2
Added Member To Class: ClassName=DMXController Member=Component C1 CAP 10uF 10V 0805(2012)
Added Member To Class: ClassName=DMXController Member=Component C2 CAP 47uF 10V 0805(2012)
Added Member To Class: ClassName=DMXController Member=Component C3 CAP 47uF 10V 0805(2012)
Added Member To Class: ClassName=DMXController Member=Component C4 CAP 47uF 10V 0805(2012)
Added Member To Class: ClassName=DMXController Member=Component P2 Header 3
Added Member To Class: ClassName=DMXController Member=Component R1 120R
Added Member To Class: ClassName=DMXController Member=Component R4 120R 5% 0805(2012)
Added Member To Class: ClassName=DMXController Member=Component R5 120R 5% 0805(2012)
